CRITICAL - 2023-09-21 02:56:57 --> Undefined variable $pro
in APPPATH\Views\products.php on line 10.
 1 APPPATH\Views\products.php(10): CodeIgniter\Debug\Exceptions->errorHandler(2, 'Undefined variable $pro', 'C:\\laragon\\www\\lara\\tests\\crudtest\\app\\Views\\products.php', 10)
 2 SYSTEMPATH\View\View.php(226): include('C:\\laragon\\www\\lara\\tests\\crudtest\\app\\Views\\products.php')
 3 SYSTEMPATH\View\View.php(229): CodeIgniter\View\View->CodeIgniter\View\{closure}()
 4 SYSTEMPATH\Common.php(1188): CodeIgniter\View\View->render('products', [], true)
 5 APPPATH\Controllers\ProductController.php(52): view('products', [...])
 6 SYSTEMPATH\CodeIgniter.php(919): App\Controllers\ProductController->laramel20()
 7 SYSTEMPATH\CodeIgniter.php(494): CodeIgniter\CodeIgniter->runController(Object(App\Controllers\ProductController))
 8 SYSTEMPATH\CodeIgniter.php(353): CodeIgniter\CodeIgniter->handleRequest(null, Object(Config\Cache), false)
 9 FCPATH\index.php(79): CodeIgniter\CodeIgniter->run()
10 SYSTEMPATH\Commands\Server\rewrite.php(47): require_once('C:\\laragon\\www\\lara\\tests\\crudtest\\public\\index.php')
CRITICAL - 2023-09-21 02:59:25 --> Undefined variable $pro
in APPPATH\Views\products.php on line 10.
 1 APPPATH\Views\products.php(10): CodeIgniter\Debug\Exceptions->errorHandler(2, 'Undefined variable $pro', 'C:\\laragon\\www\\lara\\tests\\crudtest\\app\\Views\\products.php', 10)
 2 SYSTEMPATH\View\View.php(226): include('C:\\laragon\\www\\lara\\tests\\crudtest\\app\\Views\\products.php')
 3 SYSTEMPATH\View\View.php(229): CodeIgniter\View\View->CodeIgniter\View\{closure}()
 4 SYSTEMPATH\Common.php(1188): CodeIgniter\View\View->render('products', [], true)
 5 APPPATH\Controllers\ProductController.php(52): view('products', [...])
 6 SYSTEMPATH\CodeIgniter.php(919): App\Controllers\ProductController->laramel20()
 7 SYSTEMPATH\CodeIgniter.php(494): CodeIgniter\CodeIgniter->runController(Object(App\Controllers\ProductController))
 8 SYSTEMPATH\CodeIgniter.php(353): CodeIgniter\CodeIgniter->handleRequest(null, Object(Config\Cache), false)
 9 FCPATH\index.php(79): CodeIgniter\CodeIgniter->run()
10 SYSTEMPATH\Commands\Server\rewrite.php(47): require_once('C:\\laragon\\www\\lara\\tests\\crudtest\\public\\index.php')
CRITICAL - 2023-09-21 03:01:01 --> Undefined variable $pro
in APPPATH\Views\products.php on line 10.
 1 APPPATH\Views\products.php(10): CodeIgniter\Debug\Exceptions->errorHandler(2, 'Undefined variable $pro', 'C:\\laragon\\www\\lara\\tests\\crudtest\\app\\Views\\products.php', 10)
 2 SYSTEMPATH\View\View.php(226): include('C:\\laragon\\www\\lara\\tests\\crudtest\\app\\Views\\products.php')
 3 SYSTEMPATH\View\View.php(229): CodeIgniter\View\View->CodeIgniter\View\{closure}()
 4 SYSTEMPATH\Common.php(1188): CodeIgniter\View\View->render('products', [], true)
 5 APPPATH\Controllers\ProductController.php(52): view('products', [...])
 6 SYSTEMPATH\CodeIgniter.php(919): App\Controllers\ProductController->laramel20()
 7 SYSTEMPATH\CodeIgniter.php(494): CodeIgniter\CodeIgniter->runController(Object(App\Controllers\ProductController))
 8 SYSTEMPATH\CodeIgniter.php(353): CodeIgniter\CodeIgniter->handleRequest(null, Object(Config\Cache), false)
 9 FCPATH\index.php(79): CodeIgniter\CodeIgniter->run()
10 SYSTEMPATH\Commands\Server\rewrite.php(47): require_once('C:\\laragon\\www\\lara\\tests\\crudtest\\public\\index.php')
CRITICAL - 2023-09-21 03:01:04 --> Undefined variable $pro
in APPPATH\Views\products.php on line 10.
 1 APPPATH\Views\products.php(10): CodeIgniter\Debug\Exceptions->errorHandler(2, 'Undefined variable $pro', 'C:\\laragon\\www\\lara\\tests\\crudtest\\app\\Views\\products.php', 10)
 2 SYSTEMPATH\View\View.php(226): include('C:\\laragon\\www\\lara\\tests\\crudtest\\app\\Views\\products.php')
 3 SYSTEMPATH\View\View.php(229): CodeIgniter\View\View->CodeIgniter\View\{closure}()
 4 SYSTEMPATH\Common.php(1188): CodeIgniter\View\View->render('products', [], true)
 5 APPPATH\Controllers\ProductController.php(52): view('products', [...])
 6 SYSTEMPATH\CodeIgniter.php(919): App\Controllers\ProductController->laramel20()
 7 SYSTEMPATH\CodeIgniter.php(494): CodeIgniter\CodeIgniter->runController(Object(App\Controllers\ProductController))
 8 SYSTEMPATH\CodeIgniter.php(353): CodeIgniter\CodeIgniter->handleRequest(null, Object(Config\Cache), false)
 9 FCPATH\index.php(79): CodeIgniter\CodeIgniter->run()
10 SYSTEMPATH\Commands\Server\rewrite.php(47): require_once('C:\\laragon\\www\\lara\\tests\\crudtest\\public\\index.php')
CRITICAL - 2023-09-21 03:01:21 --> Undefined variable $prod
in APPPATH\Views\products.php on line 10.
 1 APPPATH\Views\products.php(10): CodeIgniter\Debug\Exceptions->errorHandler(2, 'Undefined variable $prod', 'C:\\laragon\\www\\lara\\tests\\crudtest\\app\\Views\\products.php', 10)
 2 SYSTEMPATH\View\View.php(226): include('C:\\laragon\\www\\lara\\tests\\crudtest\\app\\Views\\products.php')
 3 SYSTEMPATH\View\View.php(229): CodeIgniter\View\View->CodeIgniter\View\{closure}()
 4 SYSTEMPATH\Common.php(1188): CodeIgniter\View\View->render('products', [], true)
 5 APPPATH\Controllers\ProductController.php(52): view('products', [...])
 6 SYSTEMPATH\CodeIgniter.php(919): App\Controllers\ProductController->laramel20()
 7 SYSTEMPATH\CodeIgniter.php(494): CodeIgniter\CodeIgniter->runController(Object(App\Controllers\ProductController))
 8 SYSTEMPATH\CodeIgniter.php(353): CodeIgniter\CodeIgniter->handleRequest(null, Object(Config\Cache), false)
 9 FCPATH\index.php(79): CodeIgniter\CodeIgniter->run()
10 SYSTEMPATH\Commands\Server\rewrite.php(47): require_once('C:\\laragon\\www\\lara\\tests\\crudtest\\public\\index.php')
CRITICAL - 2023-09-21 08:37:15 --> Undefined variable $pro
in APPPATH\Views\products.php on line 10.
 1 APPPATH\Views\products.php(10): CodeIgniter\Debug\Exceptions->errorHandler(2, 'Undefined variable $pro', 'C:\\laragon\\www\\lara\\tests\\crudtest\\app\\Views\\products.php', 10)
 2 SYSTEMPATH\View\View.php(226): include('C:\\laragon\\www\\lara\\tests\\crudtest\\app\\Views\\products.php')
 3 SYSTEMPATH\View\View.php(229): CodeIgniter\View\View->CodeIgniter\View\{closure}()
 4 SYSTEMPATH\Common.php(1188): CodeIgniter\View\View->render('products', [], true)
 5 APPPATH\Controllers\ProductController.php(52): view('products', [...])
 6 SYSTEMPATH\CodeIgniter.php(919): App\Controllers\ProductController->laramel20()
 7 SYSTEMPATH\CodeIgniter.php(494): CodeIgniter\CodeIgniter->runController(Object(App\Controllers\ProductController))
 8 SYSTEMPATH\CodeIgniter.php(353): CodeIgniter\CodeIgniter->handleRequest(null, Object(Config\Cache), false)
 9 FCPATH\index.php(79): CodeIgniter\CodeIgniter->run()
10 SYSTEMPATH\Commands\Server\rewrite.php(47): require_once('C:\\laragon\\www\\lara\\tests\\crudtest\\public\\index.php')
CRITICAL - 2023-09-21 08:37:39 --> Undefined variable $pro
in APPPATH\Views\products.php on line 10.
 1 APPPATH\Views\products.php(10): CodeIgniter\Debug\Exceptions->errorHandler(2, 'Undefined variable $pro', 'C:\\laragon\\www\\lara\\tests\\crudtest\\app\\Views\\products.php', 10)
 2 SYSTEMPATH\View\View.php(226): include('C:\\laragon\\www\\lara\\tests\\crudtest\\app\\Views\\products.php')
 3 SYSTEMPATH\View\View.php(229): CodeIgniter\View\View->CodeIgniter\View\{closure}()
 4 SYSTEMPATH\Common.php(1188): CodeIgniter\View\View->render('products', [], true)
 5 APPPATH\Controllers\ProductController.php(52): view('products', [...])
 6 SYSTEMPATH\CodeIgniter.php(919): App\Controllers\ProductController->laramel20()
 7 SYSTEMPATH\CodeIgniter.php(494): CodeIgniter\CodeIgniter->runController(Object(App\Controllers\ProductController))
 8 SYSTEMPATH\CodeIgniter.php(353): CodeIgniter\CodeIgniter->handleRequest(null, Object(Config\Cache), false)
 9 FCPATH\index.php(79): CodeIgniter\CodeIgniter->run()
10 SYSTEMPATH\Commands\Server\rewrite.php(47): require_once('C:\\laragon\\www\\lara\\tests\\crudtest\\public\\index.php')
CRITICAL - 2023-09-21 08:41:27 --> Undefined variable $pro
in APPPATH\Views\products.php on line 10.
 1 APPPATH\Views\products.php(10): CodeIgniter\Debug\Exceptions->errorHandler(2, 'Undefined variable $pro', 'C:\\laragon\\www\\lara\\tests\\crudtest\\app\\Views\\products.php', 10)
 2 SYSTEMPATH\View\View.php(226): include('C:\\laragon\\www\\lara\\tests\\crudtest\\app\\Views\\products.php')
 3 SYSTEMPATH\View\View.php(229): CodeIgniter\View\View->CodeIgniter\View\{closure}()
 4 SYSTEMPATH\Common.php(1188): CodeIgniter\View\View->render('products', [], true)
 5 APPPATH\Controllers\ProductController.php(52): view('products', [...])
 6 SYSTEMPATH\CodeIgniter.php(919): App\Controllers\ProductController->laramel20()
 7 SYSTEMPATH\CodeIgniter.php(494): CodeIgniter\CodeIgniter->runController(Object(App\Controllers\ProductController))
 8 SYSTEMPATH\CodeIgniter.php(353): CodeIgniter\CodeIgniter->handleRequest(null, Object(Config\Cache), false)
 9 FCPATH\index.php(79): CodeIgniter\CodeIgniter->run()
10 SYSTEMPATH\Commands\Server\rewrite.php(47): require_once('C:\\laragon\\www\\lara\\tests\\crudtest\\public\\index.php')
CRITICAL - 2023-09-21 08:41:28 --> Undefined variable $pro
in APPPATH\Views\products.php on line 10.
 1 APPPATH\Views\products.php(10): CodeIgniter\Debug\Exceptions->errorHandler(2, 'Undefined variable $pro', 'C:\\laragon\\www\\lara\\tests\\crudtest\\app\\Views\\products.php', 10)
 2 SYSTEMPATH\View\View.php(226): include('C:\\laragon\\www\\lara\\tests\\crudtest\\app\\Views\\products.php')
 3 SYSTEMPATH\View\View.php(229): CodeIgniter\View\View->CodeIgniter\View\{closure}()
 4 SYSTEMPATH\Common.php(1188): CodeIgniter\View\View->render('products', [], true)
 5 APPPATH\Controllers\ProductController.php(52): view('products', [...])
 6 SYSTEMPATH\CodeIgniter.php(919): App\Controllers\ProductController->laramel20()
 7 SYSTEMPATH\CodeIgniter.php(494): CodeIgniter\CodeIgniter->runController(Object(App\Controllers\ProductController))
 8 SYSTEMPATH\CodeIgniter.php(353): CodeIgniter\CodeIgniter->handleRequest(null, Object(Config\Cache), false)
 9 FCPATH\index.php(79): CodeIgniter\CodeIgniter->run()
10 SYSTEMPATH\Commands\Server\rewrite.php(47): require_once('C:\\laragon\\www\\lara\\tests\\crudtest\\public\\index.php')
CRITICAL - 2023-09-21 08:51:05 --> Undefined variable $pro
in APPPATH\Views\products.php on line 10.
 1 APPPATH\Views\products.php(10): CodeIgniter\Debug\Exceptions->errorHandler(2, 'Undefined variable $pro', 'C:\\laragon\\www\\lara\\tests\\crudtest\\app\\Views\\products.php', 10)
 2 SYSTEMPATH\View\View.php(226): include('C:\\laragon\\www\\lara\\tests\\crudtest\\app\\Views\\products.php')
 3 SYSTEMPATH\View\View.php(229): CodeIgniter\View\View->CodeIgniter\View\{closure}()
 4 SYSTEMPATH\Common.php(1188): CodeIgniter\View\View->render('products', [], true)
 5 APPPATH\Controllers\ProductController.php(53): view('products', [...])
 6 SYSTEMPATH\CodeIgniter.php(919): App\Controllers\ProductController->laramel20()
 7 SYSTEMPATH\CodeIgniter.php(494): CodeIgniter\CodeIgniter->runController(Object(App\Controllers\ProductController))
 8 SYSTEMPATH\CodeIgniter.php(353): CodeIgniter\CodeIgniter->handleRequest(null, Object(Config\Cache), false)
 9 FCPATH\index.php(79): CodeIgniter\CodeIgniter->run()
10 SYSTEMPATH\Commands\Server\rewrite.php(47): require_once('C:\\laragon\\www\\lara\\tests\\crudtest\\public\\index.php')
CRITICAL - 2023-09-21 08:51:09 --> Undefined variable $pro
in APPPATH\Views\products.php on line 10.
 1 APPPATH\Views\products.php(10): CodeIgniter\Debug\Exceptions->errorHandler(2, 'Undefined variable $pro', 'C:\\laragon\\www\\lara\\tests\\crudtest\\app\\Views\\products.php', 10)
 2 SYSTEMPATH\View\View.php(226): include('C:\\laragon\\www\\lara\\tests\\crudtest\\app\\Views\\products.php')
 3 SYSTEMPATH\View\View.php(229): CodeIgniter\View\View->CodeIgniter\View\{closure}()
 4 SYSTEMPATH\Common.php(1188): CodeIgniter\View\View->render('products', [], true)
 5 APPPATH\Controllers\ProductController.php(53): view('products', [...])
 6 SYSTEMPATH\CodeIgniter.php(919): App\Controllers\ProductController->laramel20()
 7 SYSTEMPATH\CodeIgniter.php(494): CodeIgniter\CodeIgniter->runController(Object(App\Controllers\ProductController))
 8 SYSTEMPATH\CodeIgniter.php(353): CodeIgniter\CodeIgniter->handleRequest(null, Object(Config\Cache), false)
 9 FCPATH\index.php(79): CodeIgniter\CodeIgniter->run()
10 SYSTEMPATH\Commands\Server\rewrite.php(47): require_once('C:\\laragon\\www\\lara\\tests\\crudtest\\public\\index.php')
CRITICAL - 2023-09-21 20:46:50 --> Undefined array key "ProductName"
in APPPATH\Views\products.php on line 40.
 1 APPPATH\Views\products.php(40): CodeIgniter\Debug\Exceptions->errorHandler(2, 'Undefined array key "ProductName"', 'C:\\laragon\\www\\lara\\tests\\crudtest\\app\\Views\\products.php', 40)
 2 SYSTEMPATH\View\View.php(226): include('C:\\laragon\\www\\lara\\tests\\crudtest\\app\\Views\\products.php')
 3 SYSTEMPATH\View\View.php(229): CodeIgniter\View\View->CodeIgniter\View\{closure}()
 4 SYSTEMPATH\Common.php(1188): CodeIgniter\View\View->render('products', [], true)
 5 APPPATH\Controllers\ProductController.php(39): view('products', [...])
 6 SYSTEMPATH\CodeIgniter.php(919): App\Controllers\ProductController->laramel20()
 7 SYSTEMPATH\CodeIgniter.php(494): CodeIgniter\CodeIgniter->runController(Object(App\Controllers\ProductController))
 8 SYSTEMPATH\CodeIgniter.php(353): CodeIgniter\CodeIgniter->handleRequest(null, Object(Config\Cache), false)
 9 FCPATH\index.php(79): CodeIgniter\CodeIgniter->run()
10 SYSTEMPATH\Commands\Server\rewrite.php(47): require_once('C:\\laragon\\www\\lara\\tests\\crudtest\\public\\index.php')
CRITICAL - 2023-09-21 20:52:48 --> Invalid file: "product.php"
in SYSTEMPATH\Exceptions\FrameworkException.php on line 39.
 1 SYSTEMPATH\View\View.php(214): CodeIgniter\Exceptions\FrameworkException::forInvalidFile('product.php')
 2 SYSTEMPATH\Common.php(1188): CodeIgniter\View\View->render('product', [], true)
 3 APPPATH\Controllers\ProductController.php(39): view('product', [...])
 4 SYSTEMPATH\CodeIgniter.php(919): App\Controllers\ProductController->laramel20()
 5 SYSTEMPATH\CodeIgniter.php(494): CodeIgniter\CodeIgniter->runController(Object(App\Controllers\ProductController))
 6 SYSTEMPATH\CodeIgniter.php(353): CodeIgniter\CodeIgniter->handleRequest(null, Object(Config\Cache), false)
 7 FCPATH\index.php(79): CodeIgniter\CodeIgniter->run()
 8 SYSTEMPATH\Commands\Server\rewrite.php(47): require_once('C:\\laragon\\www\\lara\\tests\\crudtest\\public\\index.php')
CRITICAL - 2023-09-21 20:52:49 --> Invalid file: "product.php"
in SYSTEMPATH\Exceptions\FrameworkException.php on line 39.
 1 SYSTEMPATH\View\View.php(214): CodeIgniter\Exceptions\FrameworkException::forInvalidFile('product.php')
 2 SYSTEMPATH\Common.php(1188): CodeIgniter\View\View->render('product', [], true)
 3 APPPATH\Controllers\ProductController.php(39): view('product', [...])
 4 SYSTEMPATH\CodeIgniter.php(919): App\Controllers\ProductController->laramel20()
 5 SYSTEMPATH\CodeIgniter.php(494): CodeIgniter\CodeIgniter->runController(Object(App\Controllers\ProductController))
 6 SYSTEMPATH\CodeIgniter.php(353): CodeIgniter\CodeIgniter->handleRequest(null, Object(Config\Cache), false)
 7 FCPATH\index.php(79): CodeIgniter\CodeIgniter->run()
 8 SYSTEMPATH\Commands\Server\rewrite.php(47): require_once('C:\\laragon\\www\\lara\\tests\\crudtest\\public\\index.php')
CRITICAL - 2023-09-21 20:53:49 --> Invalid file: "product.php"
in SYSTEMPATH\Exceptions\FrameworkException.php on line 39.
 1 SYSTEMPATH\View\View.php(214): CodeIgniter\Exceptions\FrameworkException::forInvalidFile('product.php')
 2 SYSTEMPATH\Common.php(1188): CodeIgniter\View\View->render('product', [], true)
 3 APPPATH\Controllers\ProductController.php(39): view('product', [...])
 4 SYSTEMPATH\CodeIgniter.php(919): App\Controllers\ProductController->laramel20()
 5 SYSTEMPATH\CodeIgniter.php(494): CodeIgniter\CodeIgniter->runController(Object(App\Controllers\ProductController))
 6 SYSTEMPATH\CodeIgniter.php(353): CodeIgniter\CodeIgniter->handleRequest(null, Object(Config\Cache), false)
 7 FCPATH\index.php(79): CodeIgniter\CodeIgniter->run()
 8 SYSTEMPATH\Commands\Server\rewrite.php(47): require_once('C:\\laragon\\www\\lara\\tests\\crudtest\\public\\index.php')
CRITICAL - 2023-09-21 20:53:51 --> Invalid file: "product.php"
in SYSTEMPATH\Exceptions\FrameworkException.php on line 39.
 1 SYSTEMPATH\View\View.php(214): CodeIgniter\Exceptions\FrameworkException::forInvalidFile('product.php')
 2 SYSTEMPATH\Common.php(1188): CodeIgniter\View\View->render('product', [], true)
 3 APPPATH\Controllers\ProductController.php(39): view('product', [...])
 4 SYSTEMPATH\CodeIgniter.php(919): App\Controllers\ProductController->laramel20()
 5 SYSTEMPATH\CodeIgniter.php(494): CodeIgniter\CodeIgniter->runController(Object(App\Controllers\ProductController))
 6 SYSTEMPATH\CodeIgniter.php(353): CodeIgniter\CodeIgniter->handleRequest(null, Object(Config\Cache), false)
 7 FCPATH\index.php(79): CodeIgniter\CodeIgniter->run()
 8 SYSTEMPATH\Commands\Server\rewrite.php(47): require_once('C:\\laragon\\www\\lara\\tests\\crudtest\\public\\index.php')
CRITICAL - 2023-09-21 20:53:52 --> Invalid file: "product.php"
in SYSTEMPATH\Exceptions\FrameworkException.php on line 39.
 1 SYSTEMPATH\View\View.php(214): CodeIgniter\Exceptions\FrameworkException::forInvalidFile('product.php')
 2 SYSTEMPATH\Common.php(1188): CodeIgniter\View\View->render('product', [], true)
 3 APPPATH\Controllers\ProductController.php(39): view('product', [...])
 4 SYSTEMPATH\CodeIgniter.php(919): App\Controllers\ProductController->laramel20()
 5 SYSTEMPATH\CodeIgniter.php(494): CodeIgniter\CodeIgniter->runController(Object(App\Controllers\ProductController))
 6 SYSTEMPATH\CodeIgniter.php(353): CodeIgniter\CodeIgniter->handleRequest(null, Object(Config\Cache), false)
 7 FCPATH\index.php(79): CodeIgniter\CodeIgniter->run()
 8 SYSTEMPATH\Commands\Server\rewrite.php(47): require_once('C:\\laragon\\www\\lara\\tests\\crudtest\\public\\index.php')
CRITICAL - 2023-09-21 20:54:09 --> Undefined array key "ProductName"
in APPPATH\Views\products.php on line 40.
 1 APPPATH\Views\products.php(40): CodeIgniter\Debug\Exceptions->errorHandler(2, 'Undefined array key "ProductName"', 'C:\\laragon\\www\\lara\\tests\\crudtest\\app\\Views\\products.php', 40)
 2 SYSTEMPATH\View\View.php(226): include('C:\\laragon\\www\\lara\\tests\\crudtest\\app\\Views\\products.php')
 3 SYSTEMPATH\View\View.php(229): CodeIgniter\View\View->CodeIgniter\View\{closure}()
 4 SYSTEMPATH\Common.php(1188): CodeIgniter\View\View->render('products', [], true)
 5 APPPATH\Controllers\ProductController.php(39): view('products', [...])
 6 SYSTEMPATH\CodeIgniter.php(919): App\Controllers\ProductController->laramel20()
 7 SYSTEMPATH\CodeIgniter.php(494): CodeIgniter\CodeIgniter->runController(Object(App\Controllers\ProductController))
 8 SYSTEMPATH\CodeIgniter.php(353): CodeIgniter\CodeIgniter->handleRequest(null, Object(Config\Cache), false)
 9 FCPATH\index.php(79): CodeIgniter\CodeIgniter->run()
10 SYSTEMPATH\Commands\Server\rewrite.php(47): require_once('C:\\laragon\\www\\lara\\tests\\crudtest\\public\\index.php')
CRITICAL - 2023-09-21 20:54:11 --> Undefined array key "ProductName"
in APPPATH\Views\products.php on line 40.
 1 APPPATH\Views\products.php(40): CodeIgniter\Debug\Exceptions->errorHandler(2, 'Undefined array key "ProductName"', 'C:\\laragon\\www\\lara\\tests\\crudtest\\app\\Views\\products.php', 40)
 2 SYSTEMPATH\View\View.php(226): include('C:\\laragon\\www\\lara\\tests\\crudtest\\app\\Views\\products.php')
 3 SYSTEMPATH\View\View.php(229): CodeIgniter\View\View->CodeIgniter\View\{closure}()
 4 SYSTEMPATH\Common.php(1188): CodeIgniter\View\View->render('products', [], true)
 5 APPPATH\Controllers\ProductController.php(39): view('products', [...])
 6 SYSTEMPATH\CodeIgniter.php(919): App\Controllers\ProductController->laramel20()
 7 SYSTEMPATH\CodeIgniter.php(494): CodeIgniter\CodeIgniter->runController(Object(App\Controllers\ProductController))
 8 SYSTEMPATH\CodeIgniter.php(353): CodeIgniter\CodeIgniter->handleRequest(null, Object(Config\Cache), false)
 9 FCPATH\index.php(79): CodeIgniter\CodeIgniter->run()
10 SYSTEMPATH\Commands\Server\rewrite.php(47): require_once('C:\\laragon\\www\\lara\\tests\\crudtest\\public\\index.php')
CRITICAL - 2023-09-21 20:56:40 --> Invalid file: "products.php"
in SYSTEMPATH\Exceptions\FrameworkException.php on line 39.
 1 SYSTEMPATH\View\View.php(214): CodeIgniter\Exceptions\FrameworkException::forInvalidFile('products.php')
 2 SYSTEMPATH\Common.php(1188): CodeIgniter\View\View->render('products', [], true)
 3 APPPATH\Controllers\ProductController.php(39): view('products', [...])
 4 SYSTEMPATH\CodeIgniter.php(919): App\Controllers\ProductController->laramel20()
 5 SYSTEMPATH\CodeIgniter.php(494): CodeIgniter\CodeIgniter->runController(Object(App\Controllers\ProductController))
 6 SYSTEMPATH\CodeIgniter.php(353): CodeIgniter\CodeIgniter->handleRequest(null, Object(Config\Cache), false)
 7 FCPATH\index.php(79): CodeIgniter\CodeIgniter->run()
 8 SYSTEMPATH\Commands\Server\rewrite.php(47): require_once('C:\\laragon\\www\\lara\\tests\\crudtest\\public\\index.php')
CRITICAL - 2023-09-21 20:56:49 --> Invalid file: "products.php"
in SYSTEMPATH\Exceptions\FrameworkException.php on line 39.
 1 SYSTEMPATH\View\View.php(214): CodeIgniter\Exceptions\FrameworkException::forInvalidFile('products.php')
 2 SYSTEMPATH\Common.php(1188): CodeIgniter\View\View->render('products', [], true)
 3 APPPATH\Controllers\ProductController.php(39): view('products', [...])
 4 SYSTEMPATH\CodeIgniter.php(919): App\Controllers\ProductController->laramel20()
 5 SYSTEMPATH\CodeIgniter.php(494): CodeIgniter\CodeIgniter->runController(Object(App\Controllers\ProductController))
 6 SYSTEMPATH\CodeIgniter.php(353): CodeIgniter\CodeIgniter->handleRequest(null, Object(Config\Cache), false)
 7 FCPATH\index.php(79): CodeIgniter\CodeIgniter->run()
 8 SYSTEMPATH\Commands\Server\rewrite.php(47): require_once('C:\\laragon\\www\\lara\\tests\\crudtest\\public\\index.php')
CRITICAL - 2023-09-21 21:02:10 --> Invalid file: "products.php"
in SYSTEMPATH\Exceptions\FrameworkException.php on line 39.
 1 SYSTEMPATH\View\View.php(214): CodeIgniter\Exceptions\FrameworkException::forInvalidFile('products.php')
 2 SYSTEMPATH\Common.php(1188): CodeIgniter\View\View->render('products', [], true)
 3 APPPATH\Controllers\ProductController.php(39): view('products', [...])
 4 SYSTEMPATH\CodeIgniter.php(919): App\Controllers\ProductController->laramel20()
 5 SYSTEMPATH\CodeIgniter.php(494): CodeIgniter\CodeIgniter->runController(Object(App\Controllers\ProductController))
 6 SYSTEMPATH\CodeIgniter.php(353): CodeIgniter\CodeIgniter->handleRequest(null, Object(Config\Cache), false)
 7 FCPATH\index.php(79): CodeIgniter\CodeIgniter->run()
 8 SYSTEMPATH\Commands\Server\rewrite.php(47): require_once('C:\\laragon\\www\\lara\\tests\\crudtest\\public\\index.php')
CRITICAL - 2023-09-21 21:04:23 --> Invalid file: "products.php"
in SYSTEMPATH\Exceptions\FrameworkException.php on line 39.
 1 SYSTEMPATH\View\View.php(214): CodeIgniter\Exceptions\FrameworkException::forInvalidFile('products.php')
 2 SYSTEMPATH\Common.php(1188): CodeIgniter\View\View->render('products', [], true)
 3 APPPATH\Controllers\ProductController.php(39): view('products', [...])
 4 SYSTEMPATH\CodeIgniter.php(919): App\Controllers\ProductController->laramel20()
 5 SYSTEMPATH\CodeIgniter.php(494): CodeIgniter\CodeIgniter->runController(Object(App\Controllers\ProductController))
 6 SYSTEMPATH\CodeIgniter.php(353): CodeIgniter\CodeIgniter->handleRequest(null, Object(Config\Cache), false)
 7 FCPATH\index.php(79): CodeIgniter\CodeIgniter->run()
 8 SYSTEMPATH\Commands\Server\rewrite.php(47): require_once('C:\\laragon\\www\\lara\\tests\\crudtest\\public\\index.php')
CRITICAL - 2023-09-21 21:04:24 --> Invalid file: "products.php"
in SYSTEMPATH\Exceptions\FrameworkException.php on line 39.
 1 SYSTEMPATH\View\View.php(214): CodeIgniter\Exceptions\FrameworkException::forInvalidFile('products.php')
 2 SYSTEMPATH\Common.php(1188): CodeIgniter\View\View->render('products', [], true)
 3 APPPATH\Controllers\ProductController.php(39): view('products', [...])
 4 SYSTEMPATH\CodeIgniter.php(919): App\Controllers\ProductController->laramel20()
 5 SYSTEMPATH\CodeIgniter.php(494): CodeIgniter\CodeIgniter->runController(Object(App\Controllers\ProductController))
 6 SYSTEMPATH\CodeIgniter.php(353): CodeIgniter\CodeIgniter->handleRequest(null, Object(Config\Cache), false)
 7 FCPATH\index.php(79): CodeIgniter\CodeIgniter->run()
 8 SYSTEMPATH\Commands\Server\rewrite.php(47): require_once('C:\\laragon\\www\\lara\\tests\\crudtest\\public\\index.php')
CRITICAL - 2023-09-21 21:04:24 --> Invalid file: "products.php"
in SYSTEMPATH\Exceptions\FrameworkException.php on line 39.
 1 SYSTEMPATH\View\View.php(214): CodeIgniter\Exceptions\FrameworkException::forInvalidFile('products.php')
 2 SYSTEMPATH\Common.php(1188): CodeIgniter\View\View->render('products', [], true)
 3 APPPATH\Controllers\ProductController.php(39): view('products', [...])
 4 SYSTEMPATH\CodeIgniter.php(919): App\Controllers\ProductController->laramel20()
 5 SYSTEMPATH\CodeIgniter.php(494): CodeIgniter\CodeIgniter->runController(Object(App\Controllers\ProductController))
 6 SYSTEMPATH\CodeIgniter.php(353): CodeIgniter\CodeIgniter->handleRequest(null, Object(Config\Cache), false)
 7 FCPATH\index.php(79): CodeIgniter\CodeIgniter->run()
 8 SYSTEMPATH\Commands\Server\rewrite.php(47): require_once('C:\\laragon\\www\\lara\\tests\\crudtest\\public\\index.php')
CRITICAL - 2023-09-21 21:04:25 --> Invalid file: "products.php"
in SYSTEMPATH\Exceptions\FrameworkException.php on line 39.
 1 SYSTEMPATH\View\View.php(214): CodeIgniter\Exceptions\FrameworkException::forInvalidFile('products.php')
 2 SYSTEMPATH\Common.php(1188): CodeIgniter\View\View->render('products', [], true)
 3 APPPATH\Controllers\ProductController.php(39): view('products', [...])
 4 SYSTEMPATH\CodeIgniter.php(919): App\Controllers\ProductController->laramel20()
 5 SYSTEMPATH\CodeIgniter.php(494): CodeIgniter\CodeIgniter->runController(Object(App\Controllers\ProductController))
 6 SYSTEMPATH\CodeIgniter.php(353): CodeIgniter\CodeIgniter->handleRequest(null, Object(Config\Cache), false)
 7 FCPATH\index.php(79): CodeIgniter\CodeIgniter->run()
 8 SYSTEMPATH\Commands\Server\rewrite.php(47): require_once('C:\\laragon\\www\\lara\\tests\\crudtest\\public\\index.php')
CRITICAL - 2023-09-21 21:06:09 --> Invalid file: "products.php"
in SYSTEMPATH\Exceptions\FrameworkException.php on line 39.
 1 SYSTEMPATH\View\View.php(214): CodeIgniter\Exceptions\FrameworkException::forInvalidFile('products.php')
 2 SYSTEMPATH\Common.php(1188): CodeIgniter\View\View->render('products', [], true)
 3 APPPATH\Controllers\ProductController.php(39): view('products', [...])
 4 SYSTEMPATH\CodeIgniter.php(919): App\Controllers\ProductController->laramel20()
 5 SYSTEMPATH\CodeIgniter.php(494): CodeIgniter\CodeIgniter->runController(Object(App\Controllers\ProductController))
 6 SYSTEMPATH\CodeIgniter.php(353): CodeIgniter\CodeIgniter->handleRequest(null, Object(Config\Cache), false)
 7 FCPATH\index.php(79): CodeIgniter\CodeIgniter->run()
 8 SYSTEMPATH\Commands\Server\rewrite.php(47): require_once('C:\\laragon\\www\\lara\\tests\\crudtest\\public\\index.php')
CRITICAL - 2023-09-21 21:06:11 --> Invalid file: "products.php"
in SYSTEMPATH\Exceptions\FrameworkException.php on line 39.
 1 SYSTEMPATH\View\View.php(214): CodeIgniter\Exceptions\FrameworkException::forInvalidFile('products.php')
 2 SYSTEMPATH\Common.php(1188): CodeIgniter\View\View->render('products', [], true)
 3 APPPATH\Controllers\ProductController.php(39): view('products', [...])
 4 SYSTEMPATH\CodeIgniter.php(919): App\Controllers\ProductController->laramel20()
 5 SYSTEMPATH\CodeIgniter.php(494): CodeIgniter\CodeIgniter->runController(Object(App\Controllers\ProductController))
 6 SYSTEMPATH\CodeIgniter.php(353): CodeIgniter\CodeIgniter->handleRequest(null, Object(Config\Cache), false)
 7 FCPATH\index.php(79): CodeIgniter\CodeIgniter->run()
 8 SYSTEMPATH\Commands\Server\rewrite.php(47): require_once('C:\\laragon\\www\\lara\\tests\\crudtest\\public\\index.php')
